<?xml version="1.0" encoding="UTF-8" ?>
<testsuite errors="0" failures="0" hostname="INsaisree.local" name="com.twu.biblioteca.BookTest" skipped="0" tests="5" time="0.004" timestamp="2015-09-15T13:09:49">
  <properties>
    <property name="ant.project.invoked-targets" value="coverage" />
    <property name="java.runtime.name" value="Java(TM) SE Runtime Environment" />
    <property name="project.name" value="Biblioteca" />
    <property name="sun.boot.library.path" value="/Library/Java/JavaVirtualMachines/jdk1.8.0_31.jdk/Contents/Home/jre/lib" />
    <property name="java.vm.version" value="25.31-b07" />
    <property name="ant.library.dir" value="/usr/local/Cellar/ant/1.9.6/libexec/lib" />
    <property name="gopherProxySet" value="false" />
    <property name="ant.version" value="Apache Ant(TM) version 1.9.6 compiled on June 29 2015" />
    <property name="ant.java.version" value="1.8" />
    <property name="java.vm.vendor" value="Oracle Corporation" />
    <property name="java.vendor.url" value="http://java.oracle.com/" />
    <property name="path.separator" value=":" />
    <property name="java.vm.name" value="Java HotSpot(TM) 64-Bit Server VM" />
    <property name="file.encoding.pkg" value="sun.io" />
    <property name="user.country" value="US" />
    <property name="sun.java.launcher" value="SUN_STANDARD" />
    <property name="sun.os.patch.level" value="unknown" />
    <property name="ant.file.TWU_Biblioteca-master" value="/Users/saisree/Downloads/TWU_Biblioteca-master/build.xml" />
    <property name="java.vm.specification.name" value="Java Virtual Machine Specification" />
    <property name="user.dir" value="/Users/saisree/Downloads/TWU_Biblioteca-master" />
    <property name="java.runtime.version" value="1.8.0_31-b13" />
    <property name="java.awt.graphicsenv" value="sun.awt.CGraphicsEnvironment" />
    <property name="basedir" value="/Users/saisree/Downloads/TWU_Biblioteca-master" />
    <property name="java.endorsed.dirs" value="/Library/Java/JavaVirtualMachines/jdk1.8.0_31.jdk/Contents/Home/jre/lib/endorsed" />
    <property name="os.arch" value="x86_64" />
    <property name="ant.project.default-target" value="coverage" />
    <property name="java.io.tmpdir" value="/var/folders/qk/fc3cz5g532scbd972lr01vl00000gp/T/" />
    <property name="ant.core.lib" value="/usr/local/Cellar/ant/1.9.6/libexec/lib/ant.jar" />
    <property name="line.separator" value="&#xa;" />
    <property name="java.vm.specification.vendor" value="Oracle Corporation" />
    <property name="os.name" value="Mac OS X" />
    <property name="ant.home" value="/usr/local/Cellar/ant/1.9.6/libexec" />
    <property name="ant.project.name" value="TWU_Biblioteca-master" />
    <property name="sun.jnu.encoding" value="UTF-8" />
    <property name="java.library.path" value="/Users/saisree/Library/Java/Extensions:/Library/Java/Extensions:/Network/Library/Java/Extensions:/System/Library/Java/Extensions:/usr/lib/java:." />
    <property name="java.specification.name" value="Java Platform API Specification" />
    <property name="java.class.version" value="52.0" />
    <property name="sun.management.compiler" value="HotSpot 64-Bit Tiered Compilers" />
    <property name="package.name" value="com.twu.biblioteca" />
    <property name="os.version" value="10.10.5" />
    <property name="ant.file" value="/Users/saisree/Downloads/TWU_Biblioteca-master/build.xml" />
    <property name="http.nonProxyHosts" value="local|*.local|169.254/16|*.169.254/16" />
    <property name="user.home" value="/Users/saisree" />
    <property name="user.timezone" value="Asia/Kolkata" />
    <property name="java.awt.printerjob" value="sun.lwawt.macosx.CPrinterJob" />
    <property name="java.specification.version" value="1.8" />
    <property name="file.encoding" value="UTF-8" />
    <property name="user.name" value="saisree" />
    <property name="java.class.path" value="/Users/saisree/Downloads/TWU_Biblioteca-master/instrumented:/Users/saisree/Downloads/TWU_Biblioteca-master/lib/junit-4.11.jar:/Users/saisree/Downloads/TWU_Biblioteca-master/lib/hamcrest-core-1.3.jar:/Users/saisree/Downloads/TWU_Biblioteca-master/lib/hamcrest-library-1.3.jar:/Users/saisree/Downloads/TWU_Biblioteca-master/lib/mockito-all-1.9.5.jar:/Users/saisree/Downloads/TWU_Biblioteca-master/lib/system-rules-1.12.0.jar:/Users/saisree/Downloads/TWU_Biblioteca-master/out:/Users/saisree/Downloads/TWU_Biblioteca-master/lib/cobertura-2.1.1/cobertura-2.1.1-javadoc.jar:/Users/saisree/Downloads/TWU_Biblioteca-master/lib/cobertura-2.1.1/cobertura-2.1.1-sources.jar:/Users/saisree/Downloads/TWU_Biblioteca-master/lib/cobertura-2.1.1/cobertura-2.1.1.jar:/Users/saisree/Downloads/TWU_Biblioteca-master/lib/cobertura-2.1.1/lib/asm-5.0.1.jar:/Users/saisree/Downloads/TWU_Biblioteca-master/lib/cobertura-2.1.1/lib/asm-analysis-5.0.1.jar:/Users/saisree/Downloads/TWU_Biblioteca-master/lib/cobertura-2.1.1/lib/asm-commons-5.0.1.jar:/Users/saisree/Downloads/TWU_Biblioteca-master/lib/cobertura-2.1.1/lib/asm-tree-5.0.1.jar:/Users/saisree/Downloads/TWU_Biblioteca-master/lib/cobertura-2.1.1/lib/asm-util-5.0.1.jar:/Users/saisree/Downloads/TWU_Biblioteca-master/lib/cobertura-2.1.1/lib/commons-lang3-3.3.2.jar:/Users/saisree/Downloads/TWU_Biblioteca-master/lib/cobertura-2.1.1/lib/hamcrest-core-1.3.jar:/Users/saisree/Downloads/TWU_Biblioteca-master/lib/cobertura-2.1.1/lib/jaxen-1.1.4.jar:/Users/saisree/Downloads/TWU_Biblioteca-master/lib/cobertura-2.1.1/lib/jetty-6.1.14.jar:/Users/saisree/Downloads/TWU_Biblioteca-master/lib/cobertura-2.1.1/lib/jetty-util-6.1.14.jar:/Users/saisree/Downloads/TWU_Biblioteca-master/lib/cobertura-2.1.1/lib/junit-4.11.jar:/Users/saisree/Downloads/TWU_Biblioteca-master/lib/cobertura-2.1.1/lib/logback-classic-1.0.13.jar:/Users/saisree/Downloads/TWU_Biblioteca-master/lib/cobertura-2.1.1/lib/logback-core-1.0.13.jar:/Users/saisree/Downloads/TWU_Biblioteca-master/lib/cobertura-2.1.1/lib/oro-2.0.8.jar:/Users/saisree/Downloads/TWU_Biblioteca-master/lib/cobertura-2.1.1/lib/servlet-api-2.5-6.1.14.jar:/Users/saisree/Downloads/TWU_Biblioteca-master/lib/cobertura-2.1.1/lib/slf4j-api-1.7.5.jar:/usr/local/Cellar/ant/1.9.6/libexec/lib/ant-launcher.jar:/usr/local/Cellar/ant/1.9.6/libexec/lib/ant.jar:/usr/local/Cellar/ant/1.9.6/libexec/lib/ant-junit.jar:/usr/local/Cellar/ant/1.9.6/libexec/lib/ant-junit4.jar" />
    <property name="java.vm.specification.version" value="1.8" />
    <property name="java.home" value="/Library/Java/JavaVirtualMachines/jdk1.8.0_31.jdk/Contents/Home/jre" />
    <property name="sun.java.command" value="org.apache.tools.ant.taskdefs.optional.junit.JUnitTestRunner testsfile=/Users/saisree/Downloads/TWU_Biblioteca-master/junittestcases4552200088935768186.properties skipNonTests=false filtertrace=true haltOnError=false haltOnFailure=true formatter=org.apache.tools.ant.taskdefs.optional.junit.SummaryJUnitResultFormatter showoutput=false outputtoformatters=true logfailedtests=true threadid=0 logtestlistenerevents=false formatter=org.apache.tools.ant.taskdefs.optional.junit.XMLJUnitResultFormatter,/Users/saisree/Downloads/TWU_Biblioteca-master/reports/IGNORETHIS.xml crashfile=/Users/saisree/Downloads/TWU_Biblioteca-master/junitvmwatcher577533976701365832.properties propsfile=/Users/saisree/Downloads/TWU_Biblioteca-master/junit932511648407188582.properties" />
    <property name="sun.arch.data.model" value="64" />
    <property name="java.specification.vendor" value="Oracle Corporation" />
    <property name="user.language" value="en" />
    <property name="awt.toolkit" value="sun.lwawt.macosx.LWCToolkit" />
    <property name="java.vm.info" value="mixed mode" />
    <property name="java.version" value="1.8.0_31" />
    <property name="java.ext.dirs" value="/Users/saisree/Library/Java/Extensions:/Library/Java/JavaVirtualMachines/jdk1.8.0_31.jdk/Contents/Home/jre/lib/ext:/Library/Java/Extensions:/Network/Library/Java/Extensions:/System/Library/Java/Extensions:/usr/lib/java" />
    <property name="sun.boot.class.path" value="/Library/Java/JavaVirtualMachines/jdk1.8.0_31.jdk/Contents/Home/jre/lib/resources.jar:/Library/Java/JavaVirtualMachines/jdk1.8.0_31.jdk/Contents/Home/jre/lib/rt.jar:/Library/Java/JavaVirtualMachines/jdk1.8.0_31.jdk/Contents/Home/jre/lib/sunrsasign.jar:/Library/Java/JavaVirtualMachines/jdk1.8.0_31.jdk/Contents/Home/jre/lib/jsse.jar:/Library/Java/JavaVirtualMachines/jdk1.8.0_31.jdk/Contents/Home/jre/lib/jce.jar:/Library/Java/JavaVirtualMachines/jdk1.8.0_31.jdk/Contents/Home/jre/lib/charsets.jar:/Library/Java/JavaVirtualMachines/jdk1.8.0_31.jdk/Contents/Home/jre/lib/jfr.jar:/Library/Java/JavaVirtualMachines/jdk1.8.0_31.jdk/Contents/Home/jre/classes" />
    <property name="java.vendor" value="Oracle Corporation" />
    <property name="file.separator" value="/" />
    <property name="java.vendor.url.bug" value="http://bugreport.sun.com/bugreport/" />
    <property name="sun.cpu.endian" value="little" />
    <property name="sun.io.unicode.encoding" value="UnicodeBig" />
    <property name="ant.file.type" value="file" />
    <property name="socksNonProxyHosts" value="local|*.local|169.254/16|*.169.254/16" />
    <property name="ftp.nonProxyHosts" value="local|*.local|169.254/16|*.169.254/16" />
    <property name="ant.file.type.TWU_Biblioteca-master" value="file" />
    <property name="sun.cpu.isalist" value="" />
  </properties>
  <testcase classname="com.twu.biblioteca.BookTest" name="shouldEqualToBookWhichHasSameProperties" time="0.001" />
  <testcase classname="com.twu.biblioteca.BookTest" name="shouldNotEqualToNull" time="0.0" />
  <testcase classname="com.twu.biblioteca.BookTest" name="shouldEqualToItself" time="0.0" />
  <testcase classname="com.twu.biblioteca.BookTest" name="shouldEqualToBookWhichHasSameTitle" time="0.0" />
  <testcase classname="com.twu.biblioteca.BookTest" name="shouldReturnToStringFormatOfBook" time="0.0" />
  <system-out><![CDATA[]]></system-out>
  <system-err><![CDATA[]]></system-err>
</testsuite>
